<?xml version="1.0" encoding="UTF-8" ?>

<testsuite failures="0" time="0.009" errors="0" skipped="0" tests="4" name="UserPermissionCompareTest">
  <testcase classname="UserPermissionCompareTest" name="testCommonUserPerms" time="0.008">
      </testcase>
  <testcase classname="UserPermissionCompareTest" name="testUniqueUserPerms" time="0">
      </testcase>
  <testcase classname="UserPermissionCompareTest" name="testDifferingUserPerms" time="0">
      </testcase>
  <testcase classname="UserPermissionCompareTest" name="dummyTest" time="0.001">
      </testcase>
</testsuite>
